2023-08-10 10:23:26,758 DEBUG - Starting WinSW in console mode
2023-08-10 10:23:29,233 DEBUG - Starting WinSW in console mode
2023-08-10 10:23:29,376 INFO  - Installing service 'cheetahnet-api (cheetahnet-api)'...
2023-08-10 10:23:29,400 INFO  - Service 'cheetahnet-api (cheetahnet-api)' was installed successfully.
2023-08-10 10:23:38,599 DEBUG - Starting WinSW in service mode
2023-08-10 10:23:38,630 INFO  - Starting C:\Program Files\Java\jdk-20\bin\java.exe -jar cheetahnet-api.jar
2023-08-10 10:23:38,677 INFO  - Started process 12416
2023-08-10 10:23:38,677 DEBUG - Forwarding logs of the process System.Diagnostics.Process (java) to WinSW.DefaultLogAppender
2023-08-13 14:19:52,727 DEBUG - Starting WinSW in service mode
2023-08-13 14:19:53,026 INFO  - Starting C:\Program Files\Java\jdk-20\bin\java.exe -jar cheetahnet-api.jar
2023-08-13 14:19:53,198 INFO  - Started process 6380
2023-08-13 14:19:53,214 DEBUG - Forwarding logs of the process System.Diagnostics.Process (java) to WinSW.DefaultLogAppender
2023-08-16 00:04:58,660 INFO  - Stopping cheetahnet-api
2023-08-16 00:04:58,661 DEBUG - ProcessKill 6380
2023-08-16 00:04:58,670 DEBUG - Stopping process 6380...
2023-08-16 00:04:59,602 DEBUG - Process 6380 canceled with code 130.
2023-08-16 00:04:59,619 INFO  - Finished cheetahnet-api
2023-08-17 03:20:19,672 DEBUG - Starting WinSW in service mode
2023-08-17 03:20:19,900 INFO  - Starting C:\Program Files\Java\jdk-20\bin\java.exe -jar cheetahnet-api.jar
2023-08-17 03:20:20,100 INFO  - Started process 6408
2023-08-17 03:20:20,105 DEBUG - Forwarding logs of the process System.Diagnostics.Process (java) to WinSW.DefaultLogAppender
2023-08-18 15:50:00,933 DEBUG - Starting WinSW in service mode
2023-08-18 15:50:01,273 INFO  - Starting C:\Program Files\Java\jdk-20\bin\java.exe -jar cheetahnet-api.jar
2023-08-18 15:50:01,436 INFO  - Started process 5844
2023-08-18 15:50:01,441 DEBUG - Forwarding logs of the process System.Diagnostics.Process (java) to WinSW.DefaultLogAppender
2023-08-22 00:43:21,019 DEBUG - Starting WinSW in service mode
2023-08-22 00:43:21,317 INFO  - Starting C:\Program Files\Java\jdk-20\bin\java.exe -jar cheetahnet-api.jar
2023-08-22 00:43:21,458 INFO  - Started process 5924
2023-08-22 00:43:21,458 DEBUG - Forwarding logs of the process System.Diagnostics.Process (java) to WinSW.DefaultLogAppender
2023-09-02 00:35:29,738 DEBUG - Starting WinSW in service mode
2023-09-02 00:35:29,965 INFO  - Starting C:\Program Files\Java\jdk-20\bin\java.exe -jar cheetahnet-api.jar
2023-09-02 00:35:30,044 INFO  - Started process 5172
2023-09-02 00:35:30,044 DEBUG - Forwarding logs of the process System.Diagnostics.Process (java) to WinSW.DefaultLogAppender
2023-09-03 22:53:45,764 DEBUG - Starting WinSW in service mode
2023-09-03 22:53:46,564 INFO  - Starting C:\Program Files\Java\jdk-20\bin\java.exe -jar cheetahnet-api.jar
2023-09-03 22:53:46,690 INFO  - Started process 7136
2023-09-03 22:53:46,706 DEBUG - Forwarding logs of the process System.Diagnostics.Process (java) to WinSW.DefaultLogAppender
2023-09-05 16:45:26,276 DEBUG - Starting WinSW in service mode
2023-09-05 16:45:26,576 INFO  - Starting C:\Program Files\Java\jdk-20\bin\java.exe -jar cheetahnet-api.jar
2023-09-05 16:45:26,729 INFO  - Started process 6216
2023-09-05 16:45:26,734 DEBUG - Forwarding logs of the process System.Diagnostics.Process (java) to WinSW.DefaultLogAppender
2023-09-05 16:46:49,915 DEBUG - Starting WinSW in service mode
2023-09-05 16:46:50,041 INFO  - Starting C:\Program Files\Java\jdk-20\bin\java.exe -jar cheetahnet-api.jar
2023-09-05 16:46:50,119 INFO  - Started process 5888
2023-09-05 16:46:50,119 DEBUG - Forwarding logs of the process System.Diagnostics.Process (java) to WinSW.DefaultLogAppender
2023-09-05 16:47:03,805 INFO  - Stopping cheetahnet-api
2023-09-05 16:47:03,806 DEBUG - ProcessKill 5888
2023-09-05 16:47:03,810 DEBUG - Stopping process 5888...
2023-09-05 16:47:06,843 DEBUG - Process 5888 canceled with code 143.
2023-09-05 16:47:06,843 INFO  - Finished cheetahnet-api
2023-09-05 18:32:12,617 DEBUG - Starting WinSW in service mode
2023-09-05 18:32:12,864 INFO  - Starting C:\Program Files\Java\jdk-20\bin\java.exe -jar cheetahnet-api.jar
2023-09-05 18:32:13,094 INFO  - Started process 6688
2023-09-05 18:32:13,099 DEBUG - Forwarding logs of the process System.Diagnostics.Process (java) to WinSW.DefaultLogAppender
2023-09-05 18:34:30,449 DEBUG - Starting WinSW in service mode
2023-09-05 18:34:30,533 INFO  - Starting C:\Program Files\Java\jdk-20\bin\java.exe -jar cheetahnet-api.jar
2023-09-05 18:34:30,604 INFO  - Started process 17072
2023-09-05 18:34:30,612 DEBUG - Forwarding logs of the process System.Diagnostics.Process (java) to WinSW.DefaultLogAppender
2023-09-05 18:47:02,680 INFO  - Stopping cheetahnet-api
2023-09-05 18:47:02,681 DEBUG - ProcessKill 17072
2023-09-05 18:47:02,687 DEBUG - Stopping process 17072...
2023-09-05 18:47:02,995 DEBUG - Process 17072 canceled with code 130.
2023-09-05 18:47:03,009 INFO  - Finished cheetahnet-api
2023-09-10 04:21:51,905 DEBUG - Starting WinSW in service mode
2023-09-10 04:21:52,150 INFO  - Starting C:\Program Files\Java\jdk-20\bin\java.exe -jar cheetahnet-api.jar
2023-09-10 04:21:52,217 INFO  - Started process 5848
2023-09-10 04:21:52,220 DEBUG - Forwarding logs of the process System.Diagnostics.Process (java) to WinSW.DefaultLogAppender
2023-09-10 16:24:34,031 DEBUG - Starting WinSW in service mode
2023-09-10 16:24:34,187 INFO  - Starting C:\Program Files\Java\jdk-20\bin\java.exe -jar cheetahnet-api.jar
2023-09-10 16:24:34,266 INFO  - Started process 5160
2023-09-10 16:24:34,266 DEBUG - Forwarding logs of the process System.Diagnostics.Process (java) to WinSW.DefaultLogAppender
2023-09-12 18:03:19,926 DEBUG - Starting WinSW in service mode
2023-09-12 18:03:20,180 INFO  - Starting C:\Program Files\Java\jdk-20\bin\java.exe -jar cheetahnet-api.jar
2023-09-12 18:03:20,227 INFO  - Started process 5196
2023-09-12 18:03:20,242 DEBUG - Forwarding logs of the process System.Diagnostics.Process (java) to WinSW.DefaultLogAppender
2023-09-13 19:17:49,532 DEBUG - Starting WinSW in service mode
2023-09-13 19:17:49,752 INFO  - Starting C:\Program Files\Java\jdk-20\bin\java.exe -jar cheetahnet-api.jar
2023-09-13 19:17:49,830 INFO  - Started process 5036
2023-09-13 19:17:49,830 DEBUG - Forwarding logs of the process System.Diagnostics.Process (java) to WinSW.DefaultLogAppender
2023-09-13 22:05:42,462 DEBUG - Starting WinSW in service mode
2023-09-13 22:05:42,807 INFO  - Starting C:\Program Files\Java\jdk-20\bin\java.exe -jar cheetahnet-api.jar
2023-09-13 22:05:42,870 INFO  - Started process 5372
2023-09-13 22:05:42,870 DEBUG - Forwarding logs of the process System.Diagnostics.Process (java) to WinSW.DefaultLogAppender
